c:\users\josephjoestar\documents\spare time stuff\games\sega\sonic adventure hacking\sonic adventure 2\projects\super hedgehogs\superhedgehogs\superhedgehogs\release\superhedgehogs.pch
c:\users\josephjoestar\documents\spare time stuff\games\sega\sonic adventure hacking\sonic adventure 2\projects\super hedgehogs\superhedgehogs\superhedgehogs\release\vc141.pdb
c:\users\josephjoestar\documents\spare time stuff\games\sega\sonic adventure hacking\sonic adventure 2\projects\super hedgehogs\superhedgehogs\superhedgehogs\release\stdafx.obj
c:\users\josephjoestar\documents\spare time stuff\games\sega\sonic adventure hacking\sonic adventure 2\projects\super hedgehogs\superhedgehogs\superhedgehogs\release\superhedgehogs.obj
c:\users\josephjoestar\documents\spare time stuff\games\sega\sonic adventure hacking\sonic adventure 2\projects\super hedgehogs\superhedgehogs\superhedgehogs\release\dllmain.obj
c:\users\josephjoestar\desktop\superhedgehogs\superhedgehogs\release\vc141.pdb
c:\users\josephjoestar\desktop\superhedgehogs\superhedgehogs\release\superhedgehogs.obj
c:\users\josephjoestar\desktop\superhedgehogs\superhedgehogs\release\textconv.obj
c:\users\josephjoestar\desktop\superhedgehogs\superhedgehogs\release\dllmain.obj
c:\users\josephjoestar\desktop\superhedgehogs\superhedgehogs\release\vc140.pdb
c:\users\josephjoestar\desktop\superhedgehogs\superhedgehogs\release\superhedgehogs.pch
c:\users\josephjoestar\desktop\superhedgehogs\superhedgehogs\release\stdafx.obj
c:\users\josephjoestar\documents\spare time stuff\games\sega\sonic adventure hacking\sonic adventure 2\projects\super hedgehogs\superhedgehogs\release\superhedgehogs.dll
c:\users\josephjoestar\documents\spare time stuff\games\sega\sonic adventure hacking\sonic adventure 2\projects\super hedgehogs\superhedgehogs\release\superhedgehogs.pdb
c:\users\josephjoestar\documents\spare time stuff\games\sega\sonic adventure hacking\sonic adventure 2\projects\super hedgehogs\superhedgehogs\release\superhedgehogs.lib
c:\users\josephjoestar\documents\spare time stuff\games\sega\sonic adventure hacking\sonic adventure 2\projects\super hedgehogs\superhedgehogs\release\superhedgehogs.exp
c:\users\josephjoestar\documents\spare time stuff\games\sega\sonic adventure hacking\sonic adventure 2\projects\super hedgehogs\superhedgehogs\release\superhedgehogs.ipdb
c:\users\josephjoestar\documents\spare time stuff\games\sega\sonic adventure hacking\sonic adventure 2\projects\super hedgehogs\superhedgehogs\release\superhedgehogs.iobj
c:\users\josephjoestar\desktop\superhedgehogs\superhedgehogs\release\superhedgehogs.mod_loader_common.modmanagercommon.controls.modupdatedetails.resources
c:\users\josephjoestar\desktop\superhedgehogs\superhedgehogs\release\superhedgehogs.mod_loader_common.modmanagercommon.forms.manifestdiffdialog.resources
c:\users\josephjoestar\desktop\superhedgehogs\superhedgehogs\release\superhedgehogs.mod_loader_common.modmanagercommon.forms.modconfigdialog.resources
c:\users\josephjoestar\desktop\superhedgehogs\superhedgehogs\release\superhedgehogs.mod_loader_common.modmanagercommon.forms.modupdatesdialog.resources
c:\users\josephjoestar\desktop\superhedgehogs\superhedgehogs\release\superhedgehogs.mod_loader_common.modmanagercommon.forms.progressdialog.resources
c:\users\josephjoestar\desktop\superhedgehogs\superhedgehogs\release\superhedgehogs.mod_loader_common.modmanagercommon.forms.updatemessagedialog.resources
c:\users\josephjoestar\desktop\superhedgehogs\superhedgehogs\release\superhedgehogs.vcxproj.generateresource.cache
c:\users\josephjoestar\desktop\superhedgehogs\release\superhedgehogs.pdb
c:\users\josephjoestar\desktop\superhedgehogs\superhedgehogs\release\superhedgehogs.tlog\cl.command.1.tlog
c:\users\josephjoestar\desktop\superhedgehogs\superhedgehogs\release\superhedgehogs.tlog\cl.read.1.tlog
c:\users\josephjoestar\desktop\superhedgehogs\superhedgehogs\release\superhedgehogs.tlog\cl.write.1.tlog
c:\users\josephjoestar\desktop\superhedgehogs\superhedgehogs\release\superhedgehogs.tlog\link.command.1.tlog
c:\users\josephjoestar\desktop\superhedgehogs\superhedgehogs\release\superhedgehogs.tlog\link.delete.1.tlog
c:\users\josephjoestar\desktop\superhedgehogs\superhedgehogs\release\superhedgehogs.tlog\link.read.1.tlog
c:\users\josephjoestar\desktop\superhedgehogs\superhedgehogs\release\superhedgehogs.tlog\link.write.1.tlog
c:\users\josephjoestar\desktop\superhedgehogs\superhedgehogs\release\superhedgehogs.tlog\superhedgehogs.write.1u.tlog
