  stdafx.cpp
  IniFile.cpp
  TextConv.cpp
  SuperHedgehogs.cpp
c:\users\josephjoestar\desktop\superhedgehogs\superhedgehogs\superhedgehogs.cpp(49): warning C4838: conversion from 'int' to 'short' requires a narrowing conversion
c:\users\josephjoestar\desktop\superhedgehogs\superhedgehogs\superhedgehogs.cpp(49): warning C4309: 'initializing': truncation of constant value
c:\users\josephjoestar\desktop\superhedgehogs\superhedgehogs\superhedgehogs.cpp(61): warning C4838: conversion from 'int' to 'short' requires a narrowing conversion
c:\users\josephjoestar\desktop\superhedgehogs\superhedgehogs\superhedgehogs.cpp(61): warning C4309: 'initializing': truncation of constant value
c:\users\josephjoestar\desktop\superhedgehogs\superhedgehogs\superhedgehogs.cpp(771): warning C4838: conversion from 'int' to 'short' requires a narrowing conversion
c:\users\josephjoestar\desktop\superhedgehogs\superhedgehogs\superhedgehogs.cpp(771): warning C4309: 'initializing': truncation of constant value
c:\users\josephjoestar\desktop\superhedgehogs\superhedgehogs\superhedgehogs.cpp(780): warning C4838: conversion from 'int' to 'short' requires a narrowing conversion
c:\users\josephjoestar\desktop\superhedgehogs\superhedgehogs\superhedgehogs.cpp(780): warning C4309: 'initializing': truncation of constant value
  dllmain.cpp
     Creating library C:\Users\JosephJoestar\Desktop\SuperHedgehogs\Release\SuperHedgehogs.lib and object C:\Users\JosephJoestar\Desktop\SuperHedgehogs\Release\SuperHedgehogs.exp
  Generating code
  5 of 652 functions ( 0.8%) were compiled, the rest were copied from previous compilation.
    0 functions were new in current compilation
    0 functions had inline decision re-evaluated but remain unchanged
  Finished generating code
  SuperHedgehogs.vcxproj -> C:\Users\JosephJoestar\Desktop\SuperHedgehogs\Release\SuperHedgehogs.dll
